/Users/mac/Documents/ArbitoInator/venv/lib/python3.9/site-packages/urllib3/__init__.py:35: NotOpenSSLWarning: urllib3 v2 only supports OpenSSL 1.1.1+, currently the 'ssl' module is compiled with 'LibreSSL 2.8.3'. See: https://github.com/urllib3/urllib3/issues/3020
  warnings.warn(
🚀 Fork simulation started...
[RPC] connected=True | block=24277225 | urls=4
Block 24277226
Block 24277227
Block 24277228
Block 24277229
Block 24277230
Block 24277231
Block 24277232
[SANITY] reason=nonsensical_price route=('0xa0b86991c6218b36c1d19d4a2e9eb0ce3606eb48', '0x6b0b3a982b4634ac68dd83a4dbf02311ce324181', '0xdac17f958d2ee523a2206206994597c13d831ec7', '0xa0b86991c6218b36c1d19d4a2e9eb0ce3606eb48') dex_path=['univ2'] fee_tiers=[0] amount_in=1000000 amount_out=414682280401259103273 adapter=univ2_router rpc=https://ethereum-rpc.publicnode.com raw_len=128 raw_prefix=0x00000000000000000000000000000000
[SANITY] reason=nonsensical_price route=('0xa0b86991c6218b36c1d19d4a2e9eb0ce3606eb48', '0x6b0b3a982b4634ac68dd83a4dbf02311ce324181', '0xc02aaa39b223fe8d0a0e5c4f27ead9083c756cc2', '0xa0b86991c6218b36c1d19d4a2e9eb0ce3606eb48') dex_path=['univ2'] fee_tiers=[0] amount_in=1000000 amount_out=414682280401259103273 adapter=univ2_router rpc=https://ethereum-rpc.publicnode.com raw_len=128 raw_prefix=0x00000000000000000000000000000000
[SANITY] reason=nonsensical_price route=('0xa0b86991c6218b36c1d19d4a2e9eb0ce3606eb48', '0x6b0b3a982b4634ac68dd83a4dbf02311ce324181', '0x6b175474e89094c44da98b954eedeac495271d0f', '0xa0b86991c6218b36c1d19d4a2e9eb0ce3606eb48') dex_path=['univ2'] fee_tiers=[0] amount_in=1000000 amount_out=414682280401259103273 adapter=univ2_router rpc=https://ethereum-rpc.publicnode.com raw_len=128 raw_prefix=0x00000000000000000000000000000000
Block 24277233
[SANITY] reason=nonsensical_price route=('0xa0b86991c6218b36c1d19d4a2e9eb0ce3606eb48', '0x6b0b3a982b4634ac68dd83a4dbf02311ce324181', '0xdac17f958d2ee523a2206206994597c13d831ec7', '0xa0b86991c6218b36c1d19d4a2e9eb0ce3606eb48') dex_path=['univ2'] fee_tiers=[0] amount_in=1000000 amount_out=414682280401259103273 adapter=univ2_router rpc=https://ethereum-rpc.publicnode.com raw_len=128 raw_prefix=0x00000000000000000000000000000000
[SANITY] reason=nonsensical_price route=('0xa0b86991c6218b36c1d19d4a2e9eb0ce3606eb48', '0x6b0b3a982b4634ac68dd83a4dbf02311ce324181', '0xc02aaa39b223fe8d0a0e5c4f27ead9083c756cc2', '0xa0b86991c6218b36c1d19d4a2e9eb0ce3606eb48') dex_path=['univ2'] fee_tiers=[0] amount_in=1000000 amount_out=414682280401259103273 adapter=univ2_router rpc=https://ethereum-rpc.publicnode.com raw_len=128 raw_prefix=0x00000000000000000000000000000000
[SANITY] reason=nonsensical_price route=('0xa0b86991c6218b36c1d19d4a2e9eb0ce3606eb48', '0x6b0b3a982b4634ac68dd83a4dbf02311ce324181', '0x6b175474e89094c44da98b954eedeac495271d0f', '0xa0b86991c6218b36c1d19d4a2e9eb0ce3606eb48') dex_path=['univ2'] fee_tiers=[0] amount_in=1000000 amount_out=414682280401259103273 adapter=univ2_router rpc=https://ethereum-rpc.publicnode.com raw_len=128 raw_prefix=0x00000000000000000000000000000000
Block 24277234
Block 24277235
Block 24277236
Block 24277237
Block 24277238
Block 24277239
Block 24277240
Block 24277241
Block 24277242
Block 24277243
Block 24277244
Block 24277245
Block 24277246
Block 24277247
Block 24277248
Block 24277249
Block 24277251
Block 24277252
Block 24277253
Block 24277254
Block 24277255
Block 24277256
Block 24277257
Block 24277258
Block 24277259
Block 24277260
Block 24277261
Block 24277262
Block 24277263
Block 24277264
Block 24277265
Block 24277266
Block 24277267
Block 24277268
Block 24277269
Block 24277270
Block 24277271
Block 24277272
Block 24277273
Block 24277274
Block 24277275
Block 24277276
Block 24277277
Block 24277278
Block 24277279
Block 24277280
Block 24277281
Block 24277282
Block 24277283
Block 24277284
Block 24277285
Block 24277286
Block 24277287
Block 24277288
Block 24277289
Block 24277290
Block 24277291
Block 24277292
Block 24277293
Block 24277294
Block 24277295
Block 24277296
Block 24277297
Block 24277298
Block 24277299
Block 24277301
Block 24277302
Block 24277303
Block 24277304
Block 24277305
Block 24277306
Block 24277307
Block 24277308
Block 24277309
Block 24277310
Block 24277311
Block 24277312
Block 24277313
Block 24277314
Block 24277315
Block 24277316
Block 24277317
Block 24277318
Block 24277319
Block 24277320
Block 24277321
Block 24277322
Block 24277323
Block 24277324
Block 24277325
Block 24277326
Block 24277327
Block 24277328
Block 24277329
Block 24277330
Block 24277331
Block 24277332
Block 24277333
Block 24277334
Block 24277335
Block 24277336
Block 24277337
Block 24277338
Block 24277339
Block 24277340
Block 24277341
Block 24277342
Block 24277343
Block 24277344
Block 24277345
Block 24277346
Block 24277347
Block 24277348
Block 24277349
Block 24277350
Block 24277351
Block 24277352
Block 24277353
Block 24277354
Block 24277355
Block 24277356
Block 24277357
Block 24277358
Block 24277359
Block 24277360
Block 24277361
Block 24277362
Block 24277363
Block 24277364
Block 24277365
Block 24277366
Block 24277367
Block 24277368
Block 24277369
Block 24277370
Block 24277371
Block 24277372
Block 24277373
Block 24277374
