/Users/mac/Documents/ArbitoInator/venv/lib/python3.9/site-packages/urllib3/__init__.py:35: NotOpenSSLWarning: urllib3 v2 only supports OpenSSL 1.1.1+, currently the 'ssl' module is compiled with 'LibreSSL 2.8.3'. See: https://github.com/urllib3/urllib3/issues/3020
  warnings.warn(
🚀 Fork simulation started...
[RPC] connected=True | block=24307076 | urls=4
Block 24307077
Block 24307078
[SANITY] reason=nonsensical_price route=('0xA0b86991c6218b36c1d19d4a2e9eb0ce3606eb48', '0x6B3595068778DD592e39A122f4f5a5CF09C90fE2', '0xA0b86991c6218b36c1d19d4a2e9eb0ce3606eb48') dex_path=['sushiswap'] fee_tiers=[0] amount_in=1000000 amount_out=3288679511243312850 adapter=sushiswap_router rpc=https://rpc.flashbots.net raw_len=128 raw_prefix=0x00000000000000000000000000000000
[SANITY] reason=nonsensical_price route=('0xA0b86991c6218b36c1d19d4a2e9eb0ce3606eb48', '0x7d1afa7b718fb893db30a3abc0cfc608aacfebb0', '0xA0b86991c6218b36c1d19d4a2e9eb0ce3606eb48') dex_path=['sushiswap'] fee_tiers=[0] amount_in=1000000 amount_out=7884972190342191720 adapter=sushiswap_router rpc=https://rpc.flashbots.net raw_len=128 raw_prefix=0x00000000000000000000000000000000
[WARN] RPC not caught up for block 24307078, retrying 24307077
[SANITY] reason=nonsensical_price route=('0xA0b86991c6218b36c1d19d4a2e9eb0ce3606eb48', '0x6B3595068778DD592e39A122f4f5a5CF09C90fE2', '0xA0b86991c6218b36c1d19d4a2e9eb0ce3606eb48') dex_path=['sushiswap'] fee_tiers=[0] amount_in=1000000 amount_out=3288679511243312850 adapter=sushiswap_router rpc=https://ethereum-rpc.publicnode.com raw_len=128 raw_prefix=0x00000000000000000000000000000000
[SANITY] reason=nonsensical_price route=('0xA0b86991c6218b36c1d19d4a2e9eb0ce3606eb48', '0x7d1afa7b718fb893db30a3abc0cfc608aacfebb0', '0xA0b86991c6218b36c1d19d4a2e9eb0ce3606eb48') dex_path=['sushiswap'] fee_tiers=[0] amount_in=1000000 amount_out=7884972190342191720 adapter=sushiswap_router rpc=https://rpc.flashbots.net raw_len=128 raw_prefix=0x00000000000000000000000000000000
[SANITY] reason=nonsensical_price route=('0xA0b86991c6218b36c1d19d4a2e9eb0ce3606eb48', '0xD533a949740bb3306d119CC777fa900bA034cd52', '0xA0b86991c6218b36c1d19d4a2e9eb0ce3606eb48') dex_path=['univ2'] fee_tiers=[0] amount_in=1000000 amount_out=2380221624002256392 adapter=univ2_router rpc=https://rpc.flashbots.net raw_len=128 raw_prefix=0x00000000000000000000000000000000
Block 24307085
[SANITY] reason=nonsensical_price route=('0xA0b86991c6218b36c1d19d4a2e9eb0ce3606eb48', '0x6B3595068778DD592e39A122f4f5a5CF09C90fE2', '0xA0b86991c6218b36c1d19d4a2e9eb0ce3606eb48') dex_path=['sushiswap'] fee_tiers=[0] amount_in=1000000 amount_out=3288679511243312850 adapter=sushiswap_router rpc=https://ethereum-rpc.publicnode.com raw_len=128 raw_prefix=0x00000000000000000000000000000000
[SANITY] reason=nonsensical_price route=('0xA0b86991c6218b36c1d19d4a2e9eb0ce3606eb48', '0x7d1afa7b718fb893db30a3abc0cfc608aacfebb0', '0xA0b86991c6218b36c1d19d4a2e9eb0ce3606eb48') dex_path=['sushiswap'] fee_tiers=[0] amount_in=1000000 amount_out=7884972190342191720 adapter=sushiswap_router rpc=https://ethereum-rpc.publicnode.com raw_len=128 raw_prefix=0x00000000000000000000000000000000
[WARN] RPC not caught up for block 24307085, retrying 24307084
[SANITY] reason=nonsensical_price route=('0xA0b86991c6218b36c1d19d4a2e9eb0ce3606eb48', '0x6B3595068778DD592e39A122f4f5a5CF09C90fE2', '0xA0b86991c6218b36c1d19d4a2e9eb0ce3606eb48') dex_path=['sushiswap'] fee_tiers=[0] amount_in=1000000 amount_out=3288679511243312850 adapter=sushiswap_router rpc=https://ethereum-rpc.publicnode.com raw_len=128 raw_prefix=0x00000000000000000000000000000000
[SANITY] reason=nonsensical_price route=('0xA0b86991c6218b36c1d19d4a2e9eb0ce3606eb48', '0xD533a949740bb3306d119CC777fa900bA034cd52', '0xA0b86991c6218b36c1d19d4a2e9eb0ce3606eb48') dex_path=['univ2'] fee_tiers=[0] amount_in=1000000 amount_out=2380221624002256392 adapter=univ2_router rpc=https://ethereum-rpc.publicnode.com raw_len=128 raw_prefix=0x00000000000000000000000000000000
[SANITY] reason=nonsensical_price route=('0xA0b86991c6218b36c1d19d4a2e9eb0ce3606eb48', '0x7d1afa7b718fb893db30a3abc0cfc608aacfebb0', '0xA0b86991c6218b36c1d19d4a2e9eb0ce3606eb48') dex_path=['sushiswap'] fee_tiers=[0] amount_in=1000000 amount_out=7884972190342191720 adapter=sushiswap_router rpc=https://ethereum-rpc.publicnode.com raw_len=128 raw_prefix=0x00000000000000000000000000000000
[SANITY] reason=nonsensical_price route=('0xA0b86991c6218b36c1d19d4a2e9eb0ce3606eb48', '0xdAC17F958D2ee523a2206206994597C13D831ec7', '0x7d1afa7b718fb893db30a3abc0cfc608aacfebb0', '0xA0b86991c6218b36c1d19d4a2e9eb0ce3606eb48') dex_path=['univ3:500', 'univ2'] fee_tiers=[500, 0] amount_in=1000000 amount_out=7912974974227462837 adapter=univ2_router rpc=https://ethereum-rpc.publicnode.com raw_len=128 raw_prefix=0x00000000000000000000000000000000
[SANITY] reason=nonsensical_price route=('0xA0b86991c6218b36c1d19d4a2e9eb0ce3606eb48', '0x2260FAC5E5542a773Aa44fBCfeDf7C193bc2C599', '0x6B175474E89094C44Da98b954EedeAC495271d0F', '0xA0b86991c6218b36c1d19d4a2e9eb0ce3606eb48') dex_path=['univ3:500', 'univ2'] fee_tiers=[500, 0] amount_in=1000000 amount_out=996542833326586100 adapter=univ2_router rpc=https://go.getblock.us raw_len=128 raw_prefix=0x00000000000000000000000000000000
Block 24307089
[SANITY] reason=nonsensical_price route=('0xA0b86991c6218b36c1d19d4a2e9eb0ce3606eb48', '0x6B3595068778DD592e39A122f4f5a5CF09C90fE2', '0xA0b86991c6218b36c1d19d4a2e9eb0ce3606eb48') dex_path=['sushiswap'] fee_tiers=[0] amount_in=1000000 amount_out=3288679511243312850 adapter=sushiswap_router rpc=https://ethereum-rpc.publicnode.com raw_len=128 raw_prefix=0x00000000000000000000000000000000
[SANITY] reason=nonsensical_price route=('0xA0b86991c6218b36c1d19d4a2e9eb0ce3606eb48', '0xD533a949740bb3306d119CC777fa900bA034cd52', '0xA0b86991c6218b36c1d19d4a2e9eb0ce3606eb48') dex_path=['univ2'] fee_tiers=[0] amount_in=1000000 amount_out=2380221624002256392 adapter=univ2_router rpc=https://ethereum-rpc.publicnode.com raw_len=128 raw_prefix=0x00000000000000000000000000000000
[SANITY] reason=nonsensical_price route=('0xA0b86991c6218b36c1d19d4a2e9eb0ce3606eb48', '0x7d1afa7b718fb893db30a3abc0cfc608aacfebb0', '0xA0b86991c6218b36c1d19d4a2e9eb0ce3606eb48') dex_path=['sushiswap'] fee_tiers=[0] amount_in=1000000 amount_out=7884972190342191720 adapter=sushiswap_router rpc=https://ethereum-rpc.publicnode.com raw_len=128 raw_prefix=0x00000000000000000000000000000000
[SANITY] reason=nonsensical_price route=('0xA0b86991c6218b36c1d19d4a2e9eb0ce3606eb48', '0xdAC17F958D2ee523a2206206994597C13D831ec7', '0xD533a949740bb3306d119CC777fa900bA034cd52', '0xA0b86991c6218b36c1d19d4a2e9eb0ce3606eb48') dex_path=['univ3:500', 'univ3:3000'] fee_tiers=[500, 3000] amount_in=1000000 amount_out=2770230937278496028 adapter=univ3_quoter_v2 rpc=https://ethereum-rpc.publicnode.com raw_len=128 raw_prefix=0x00000000000000000000000000000000
[WARN] RPC not caught up for block 24307089, retrying 24307088
[SANITY] reason=nonsensical_price route=('0xA0b86991c6218b36c1d19d4a2e9eb0ce3606eb48', '0xD533a949740bb3306d119CC777fa900bA034cd52', '0xA0b86991c6218b36c1d19d4a2e9eb0ce3606eb48') dex_path=['univ2'] fee_tiers=[0] amount_in=1000000 amount_out=2380221624002256392 adapter=univ2_router rpc=https://ethereum-rpc.publicnode.com raw_len=128 raw_prefix=0x00000000000000000000000000000000
Block 24307093
[SANITY] reason=nonsensical_price route=('0xA0b86991c6218b36c1d19d4a2e9eb0ce3606eb48', '0x6B3595068778DD592e39A122f4f5a5CF09C90fE2', '0xA0b86991c6218b36c1d19d4a2e9eb0ce3606eb48') dex_path=['sushiswap'] fee_tiers=[0] amount_in=1000000 amount_out=3288679511243312850 adapter=sushiswap_router rpc=https://ethereum-rpc.publicnode.com raw_len=128 raw_prefix=0x00000000000000000000000000000000
[SANITY] reason=nonsensical_price route=('0xA0b86991c6218b36c1d19d4a2e9eb0ce3606eb48', '0x7d1afa7b718fb893db30a3abc0cfc608aacfebb0', '0xA0b86991c6218b36c1d19d4a2e9eb0ce3606eb48') dex_path=['sushiswap'] fee_tiers=[0] amount_in=1000000 amount_out=7884972190342191720 adapter=sushiswap_router rpc=https://go.getblock.us raw_len=128 raw_prefix=0x00000000000000000000000000000000
[SANITY] reason=nonsensical_price route=('0xA0b86991c6218b36c1d19d4a2e9eb0ce3606eb48', '0xD533a949740bb3306d119CC777fa900bA034cd52', '0xA0b86991c6218b36c1d19d4a2e9eb0ce3606eb48') dex_path=['univ2'] fee_tiers=[0] amount_in=1000000 amount_out=2380221624002256392 adapter=univ2_router rpc=https://go.getblock.us raw_len=128 raw_prefix=0x00000000000000000000000000000000
[SANITY] reason=nonsensical_price route=('0xA0b86991c6218b36c1d19d4a2e9eb0ce3606eb48', '0xdAC17F958D2ee523a2206206994597C13D831ec7', '0xD533a949740bb3306d119CC777fa900bA034cd52', '0xA0b86991c6218b36c1d19d4a2e9eb0ce3606eb48') dex_path=['univ3:500', 'univ3:3000'] fee_tiers=[500, 3000] amount_in=1000000 amount_out=2770230937278496028 adapter=univ3_quoter_v2 rpc=https://ethereum-rpc.publicnode.com raw_len=128 raw_prefix=0x00000000000000000000000000000000
[WARN] RPC not caught up for block 24307093, retrying 24307092
[SANITY] reason=nonsensical_price route=('0xA0b86991c6218b36c1d19d4a2e9eb0ce3606eb48', '0x6B3595068778DD592e39A122f4f5a5CF09C90fE2', '0xA0b86991c6218b36c1d19d4a2e9eb0ce3606eb48') dex_path=['sushiswap'] fee_tiers=[0] amount_in=1000000 amount_out=3288679511243312850 adapter=sushiswap_router rpc=https://ethereum-rpc.publicnode.com raw_len=128 raw_prefix=0x00000000000000000000000000000000
[SANITY] reason=nonsensical_price route=('0xA0b86991c6218b36c1d19d4a2e9eb0ce3606eb48', '0xD533a949740bb3306d119CC777fa900bA034cd52', '0xA0b86991c6218b36c1d19d4a2e9eb0ce3606eb48') dex_path=['univ2'] fee_tiers=[0] amount_in=1000000 amount_out=2380221624002256392 adapter=univ2_router rpc=https://ethereum-rpc.publicnode.com raw_len=128 raw_prefix=0x00000000000000000000000000000000
[SANITY] reason=nonsensical_price route=('0xA0b86991c6218b36c1d19d4a2e9eb0ce3606eb48', '0x7d1afa7b718fb893db30a3abc0cfc608aacfebb0', '0xA0b86991c6218b36c1d19d4a2e9eb0ce3606eb48') dex_path=['sushiswap'] fee_tiers=[0] amount_in=1000000 amount_out=7884972190342191720 adapter=sushiswap_router rpc=https://ethereum-rpc.publicnode.com raw_len=128 raw_prefix=0x00000000000000000000000000000000
[SANITY] reason=nonsensical_price route=('0xA0b86991c6218b36c1d19d4a2e9eb0ce3606eb48', '0xdAC17F958D2ee523a2206206994597C13D831ec7', '0xD533a949740bb3306d119CC777fa900bA034cd52', '0xA0b86991c6218b36c1d19d4a2e9eb0ce3606eb48') dex_path=['univ3:500', 'univ3:3000'] fee_tiers=[500, 3000] amount_in=1000000 amount_out=2770230937278496028 adapter=univ3_quoter_v2 rpc=https://ethereum-rpc.publicnode.com raw_len=128 raw_prefix=0x00000000000000000000000000000000
[SANITY] reason=nonsensical_price route=('0xA0b86991c6218b36c1d19d4a2e9eb0ce3606eb48', '0xdAC17F958D2ee523a2206206994597C13D831ec7', '0x7d1afa7b718fb893db30a3abc0cfc608aacfebb0', '0xA0b86991c6218b36c1d19d4a2e9eb0ce3606eb48') dex_path=['univ3:500', 'univ2'] fee_tiers=[500, 0] amount_in=1000000 amount_out=7912974974227462837 adapter=univ2_router rpc=https://ethereum-rpc.publicnode.com raw_len=128 raw_prefix=0x00000000000000000000000000000000
Block 24307099
[SANITY] reason=nonsensical_price route=('0xA0b86991c6218b36c1d19d4a2e9eb0ce3606eb48', '0x6B3595068778DD592e39A122f4f5a5CF09C90fE2', '0xA0b86991c6218b36c1d19d4a2e9eb0ce3606eb48') dex_path=['sushiswap'] fee_tiers=[0] amount_in=1000000 amount_out=3288679511243312850 adapter=sushiswap_router rpc=https://ethereum-rpc.publicnode.com raw_len=128 raw_prefix=0x00000000000000000000000000000000
[SANITY] reason=nonsensical_price route=('0xA0b86991c6218b36c1d19d4a2e9eb0ce3606eb48', '0xD533a949740bb3306d119CC777fa900bA034cd52', '0xA0b86991c6218b36c1d19d4a2e9eb0ce3606eb48') dex_path=['univ2'] fee_tiers=[0] amount_in=1000000 amount_out=2380221624002256392 adapter=univ2_router rpc=https://ethereum-rpc.publicnode.com raw_len=128 raw_prefix=0x00000000000000000000000000000000
[SANITY] reason=nonsensical_price route=('0xA0b86991c6218b36c1d19d4a2e9eb0ce3606eb48', '0x7d1afa7b718fb893db30a3abc0cfc608aacfebb0', '0xA0b86991c6218b36c1d19d4a2e9eb0ce3606eb48') dex_path=['sushiswap'] fee_tiers=[0] amount_in=1000000 amount_out=7884972190342191720 adapter=sushiswap_router rpc=https://ethereum-rpc.publicnode.com raw_len=128 raw_prefix=0x00000000000000000000000000000000
[WARN] RPC not caught up for block 24307099, retrying 24307098
[SANITY] reason=nonsensical_price route=('0xA0b86991c6218b36c1d19d4a2e9eb0ce3606eb48', '0x7d1afa7b718fb893db30a3abc0cfc608aacfebb0', '0xA0b86991c6218b36c1d19d4a2e9eb0ce3606eb48') dex_path=['sushiswap'] fee_tiers=[0] amount_in=1000000 amount_out=7884972190342191720 adapter=sushiswap_router rpc=https://ethereum-rpc.publicnode.com raw_len=128 raw_prefix=0x00000000000000000000000000000000
[SANITY] reason=nonsensical_price route=('0xA0b86991c6218b36c1d19d4a2e9eb0ce3606eb48', '0x6B3595068778DD592e39A122f4f5a5CF09C90fE2', '0xA0b86991c6218b36c1d19d4a2e9eb0ce3606eb48') dex_path=['sushiswap'] fee_tiers=[0] amount_in=1000000 amount_out=3288679511243312850 adapter=sushiswap_router rpc=https://ethereum-rpc.publicnode.com raw_len=128 raw_prefix=0x00000000000000000000000000000000
[SANITY] reason=nonsensical_price route=('0xA0b86991c6218b36c1d19d4a2e9eb0ce3606eb48', '0xD533a949740bb3306d119CC777fa900bA034cd52', '0xA0b86991c6218b36c1d19d4a2e9eb0ce3606eb48') dex_path=['univ2'] fee_tiers=[0] amount_in=1000000 amount_out=2380221624002256392 adapter=univ2_router rpc=https://ethereum-rpc.publicnode.com raw_len=128 raw_prefix=0x00000000000000000000000000000000
Block 24307104
[SANITY] reason=nonsensical_price route=('0xA0b86991c6218b36c1d19d4a2e9eb0ce3606eb48', '0x7d1afa7b718fb893db30a3abc0cfc608aacfebb0', '0xA0b86991c6218b36c1d19d4a2e9eb0ce3606eb48') dex_path=['sushiswap'] fee_tiers=[0] amount_in=1000000 amount_out=7884972190342191720 adapter=sushiswap_router rpc=https://rpc.flashbots.net raw_len=128 raw_prefix=0x00000000000000000000000000000000
[WARN] RPC not caught up for block 24307104, retrying 24307103
[SANITY] reason=nonsensical_price route=('0xA0b86991c6218b36c1d19d4a2e9eb0ce3606eb48', '0x6B3595068778DD592e39A122f4f5a5CF09C90fE2', '0xA0b86991c6218b36c1d19d4a2e9eb0ce3606eb48') dex_path=['sushiswap'] fee_tiers=[0] amount_in=1000000 amount_out=3288679511243312850 adapter=sushiswap_router rpc=https://ethereum-rpc.publicnode.com raw_len=128 raw_prefix=0x00000000000000000000000000000000
[SANITY] reason=nonsensical_price route=('0xA0b86991c6218b36c1d19d4a2e9eb0ce3606eb48', '0xD533a949740bb3306d119CC777fa900bA034cd52', '0xA0b86991c6218b36c1d19d4a2e9eb0ce3606eb48') dex_path=['univ2'] fee_tiers=[0] amount_in=1000000 amount_out=2380221624002256392 adapter=univ2_router rpc=https://ethereum-rpc.publicnode.com raw_len=128 raw_prefix=0x00000000000000000000000000000000
[SANITY] reason=nonsensical_price route=('0xA0b86991c6218b36c1d19d4a2e9eb0ce3606eb48', '0x7d1afa7b718fb893db30a3abc0cfc608aacfebb0', '0xA0b86991c6218b36c1d19d4a2e9eb0ce3606eb48') dex_path=['sushiswap'] fee_tiers=[0] amount_in=1000000 amount_out=7884972190342191720 adapter=sushiswap_router rpc=https://ethereum-rpc.publicnode.com raw_len=128 raw_prefix=0x00000000000000000000000000000000
Block 24307107
[SANITY] reason=nonsensical_price route=('0xA0b86991c6218b36c1d19d4a2e9eb0ce3606eb48', '0x6B3595068778DD592e39A122f4f5a5CF09C90fE2', '0xA0b86991c6218b36c1d19d4a2e9eb0ce3606eb48') dex_path=['sushiswap'] fee_tiers=[0] amount_in=1000000 amount_out=3288679511243312850 adapter=sushiswap_router rpc=https://ethereum-rpc.publicnode.com raw_len=128 raw_prefix=0x00000000000000000000000000000000
[SANITY] reason=nonsensical_price route=('0xA0b86991c6218b36c1d19d4a2e9eb0ce3606eb48', '0xD533a949740bb3306d119CC777fa900bA034cd52', '0xA0b86991c6218b36c1d19d4a2e9eb0ce3606eb48') dex_path=['univ2'] fee_tiers=[0] amount_in=1000000 amount_out=2380221624002256392 adapter=univ2_router rpc=https://ethereum-rpc.publicnode.com raw_len=128 raw_prefix=0x00000000000000000000000000000000
[SANITY] reason=nonsensical_price route=('0xA0b86991c6218b36c1d19d4a2e9eb0ce3606eb48', '0x7d1afa7b718fb893db30a3abc0cfc608aacfebb0', '0xA0b86991c6218b36c1d19d4a2e9eb0ce3606eb48') dex_path=['sushiswap'] fee_tiers=[0] amount_in=1000000 amount_out=7884972190342191720 adapter=sushiswap_router rpc=https://ethereum-rpc.publicnode.com raw_len=128 raw_prefix=0x00000000000000000000000000000000
[SANITY] reason=nonsensical_price route=('0xA0b86991c6218b36c1d19d4a2e9eb0ce3606eb48', '0xdAC17F958D2ee523a2206206994597C13D831ec7', '0xD533a949740bb3306d119CC777fa900bA034cd52', '0xA0b86991c6218b36c1d19d4a2e9eb0ce3606eb48') dex_path=['univ3:500', 'univ3:3000'] fee_tiers=[500, 3000] amount_in=1000000 amount_out=2770230937278496028 adapter=univ3_quoter_v2 rpc=https://ethereum-rpc.publicnode.com raw_len=128 raw_prefix=0x00000000000000000000000000000000
[SANITY] reason=nonsensical_price route=('0xA0b86991c6218b36c1d19d4a2e9eb0ce3606eb48', '0xdAC17F958D2ee523a2206206994597C13D831ec7', '0x7d1afa7b718fb893db30a3abc0cfc608aacfebb0', '0xA0b86991c6218b36c1d19d4a2e9eb0ce3606eb48') dex_path=['univ3:500', 'univ2'] fee_tiers=[500, 0] amount_in=1000000 amount_out=7912974974227462837 adapter=univ2_router rpc=https://ethereum-rpc.publicnode.com raw_len=128 raw_prefix=0x00000000000000000000000000000000
[SANITY] reason=nonsensical_price route=('0xA0b86991c6218b36c1d19d4a2e9eb0ce3606eb48', '0x2260FAC5E5542a773Aa44fBCfeDf7C193bc2C599', '0x514910771AF9Ca656af840dff83E8264EcF986CA', '0xA0b86991c6218b36c1d19d4a2e9eb0ce3606eb48') dex_path=['univ3:500', 'univ2'] fee_tiers=[500, 0] amount_in=1000000 amount_out=73438769017093963 adapter=univ2_router rpc=https://ethereum-rpc.publicnode.com raw_len=128 raw_prefix=0x00000000000000000000000000000000
[SANITY] reason=nonsensical_price route=('0xA0b86991c6218b36c1d19d4a2e9eb0ce3606eb48', '0x2260FAC5E5542a773Aa44fBCfeDf7C193bc2C599', '0x7Fc66500c84A76Ad7e9c93437bFc5Ac33E2DdAE9', '0xA0b86991c6218b36c1d19d4a2e9eb0ce3606eb48') dex_path=['univ3:500', 'univ3:3000'] fee_tiers=[500, 3000] amount_in=1000000 amount_out=5744012948962359 adapter=univ3_quoter_v2 rpc=https://ethereum-rpc.publicnode.com raw_len=128 raw_prefix=0x00000000000000000000000000000000
[WARN] RPC not caught up for block 24307107, retrying 24307106
Block 24307112
[SANITY] reason=nonsensical_price route=('0xA0b86991c6218b36c1d19d4a2e9eb0ce3606eb48', '0xD533a949740bb3306d119CC777fa900bA034cd52', '0xA0b86991c6218b36c1d19d4a2e9eb0ce3606eb48') dex_path=['univ2'] fee_tiers=[0] amount_in=1000000 amount_out=2380221624002256392 adapter=univ2_router rpc=https://ethereum-rpc.publicnode.com raw_len=128 raw_prefix=0x00000000000000000000000000000000
[SANITY] reason=nonsensical_price route=('0xA0b86991c6218b36c1d19d4a2e9eb0ce3606eb48', '0x7d1afa7b718fb893db30a3abc0cfc608aacfebb0', '0xA0b86991c6218b36c1d19d4a2e9eb0ce3606eb48') dex_path=['sushiswap'] fee_tiers=[0] amount_in=1000000 amount_out=7884972190342191720 adapter=sushiswap_router rpc=https://ethereum-rpc.publicnode.com raw_len=128 raw_prefix=0x00000000000000000000000000000000
[WARN] RPC not caught up for block 24307112, retrying 24307111
Block 24307114
[WARN] RPC not caught up for block 24307114, retrying 24307113
Block 24307115
[SANITY] reason=nonsensical_price route=('0xA0b86991c6218b36c1d19d4a2e9eb0ce3606eb48', '0xD533a949740bb3306d119CC777fa900bA034cd52', '0xA0b86991c6218b36c1d19d4a2e9eb0ce3606eb48') dex_path=['univ2'] fee_tiers=[0] amount_in=1000000 amount_out=2380221624002256392 adapter=univ2_router rpc=https://ethereum-rpc.publicnode.com raw_len=128 raw_prefix=0x00000000000000000000000000000000
[SANITY] reason=nonsensical_price route=('0xA0b86991c6218b36c1d19d4a2e9eb0ce3606eb48', '0x7d1afa7b718fb893db30a3abc0cfc608aacfebb0', '0xA0b86991c6218b36c1d19d4a2e9eb0ce3606eb48') dex_path=['sushiswap'] fee_tiers=[0] amount_in=1000000 amount_out=7884972190342191720 adapter=sushiswap_router rpc=https://ethereum-rpc.publicnode.com raw_len=128 raw_prefix=0x00000000000000000000000000000000
[WARN] RPC not caught up for block 24307115, retrying 24307114
[SANITY] reason=nonsensical_price route=('0xA0b86991c6218b36c1d19d4a2e9eb0ce3606eb48', '0x6B3595068778DD592e39A122f4f5a5CF09C90fE2', '0xA0b86991c6218b36c1d19d4a2e9eb0ce3606eb48') dex_path=['sushiswap'] fee_tiers=[0] amount_in=1000000 amount_out=3288679511243312850 adapter=sushiswap_router rpc=https://ethereum-rpc.publicnode.com raw_len=128 raw_prefix=0x00000000000000000000000000000000
[SANITY] reason=nonsensical_price route=('0xA0b86991c6218b36c1d19d4a2e9eb0ce3606eb48', '0xD533a949740bb3306d119CC777fa900bA034cd52', '0xA0b86991c6218b36c1d19d4a2e9eb0ce3606eb48') dex_path=['univ2'] fee_tiers=[0] amount_in=1000000 amount_out=2380221624002256392 adapter=univ2_router rpc=https://ethereum-rpc.publicnode.com raw_len=128 raw_prefix=0x00000000000000000000000000000000
[SANITY] reason=nonsensical_price route=('0xA0b86991c6218b36c1d19d4a2e9eb0ce3606eb48', '0x7d1afa7b718fb893db30a3abc0cfc608aacfebb0', '0xA0b86991c6218b36c1d19d4a2e9eb0ce3606eb48') dex_path=['sushiswap'] fee_tiers=[0] amount_in=1000000 amount_out=7884972190342191720 adapter=sushiswap_router rpc=https://ethereum-rpc.publicnode.com raw_len=128 raw_prefix=0x00000000000000000000000000000000
[SANITY] reason=nonsensical_price route=('0xA0b86991c6218b36c1d19d4a2e9eb0ce3606eb48', '0xdAC17F958D2ee523a2206206994597C13D831ec7', '0x7d1afa7b718fb893db30a3abc0cfc608aacfebb0', '0xA0b86991c6218b36c1d19d4a2e9eb0ce3606eb48') dex_path=['univ3:500', 'univ2'] fee_tiers=[500, 0] amount_in=1000000 amount_out=7912974974227462837 adapter=univ2_router rpc=https://ethereum-rpc.publicnode.com raw_len=128 raw_prefix=0x00000000000000000000000000000000
Block 24307119
Block 24307121
[SANITY] reason=nonsensical_price route=('0xA0b86991c6218b36c1d19d4a2e9eb0ce3606eb48', '0x6B3595068778DD592e39A122f4f5a5CF09C90fE2', '0xA0b86991c6218b36c1d19d4a2e9eb0ce3606eb48') dex_path=['sushiswap'] fee_tiers=[0] amount_in=1000000 amount_out=3288679511243312850 adapter=sushiswap_router rpc=https://eth.merkle.io raw_len=128 raw_prefix=0x00000000000000000000000000000000
[SANITY] reason=nonsensical_price route=('0xA0b86991c6218b36c1d19d4a2e9eb0ce3606eb48', '0xD533a949740bb3306d119CC777fa900bA034cd52', '0xA0b86991c6218b36c1d19d4a2e9eb0ce3606eb48') dex_path=['univ2'] fee_tiers=[0] amount_in=1000000 amount_out=2380221624002256392 adapter=univ2_router rpc=https://ethereum-rpc.publicnode.com raw_len=128 raw_prefix=0x00000000000000000000000000000000
[SANITY] reason=nonsensical_price route=('0xA0b86991c6218b36c1d19d4a2e9eb0ce3606eb48', '0x7d1afa7b718fb893db30a3abc0cfc608aacfebb0', '0xA0b86991c6218b36c1d19d4a2e9eb0ce3606eb48') dex_path=['sushiswap'] fee_tiers=[0] amount_in=1000000 amount_out=7884972190342191720 adapter=sushiswap_router rpc=https://ethereum-rpc.publicnode.com raw_len=128 raw_prefix=0x00000000000000000000000000000000
[WARN] RPC not caught up for block 24307121, retrying 24307120
[SANITY] reason=nonsensical_price route=('0xA0b86991c6218b36c1d19d4a2e9eb0ce3606eb48', '0x6B3595068778DD592e39A122f4f5a5CF09C90fE2', '0xA0b86991c6218b36c1d19d4a2e9eb0ce3606eb48') dex_path=['sushiswap'] fee_tiers=[0] amount_in=1000000 amount_out=3288679511243312850 adapter=sushiswap_router rpc=https://ethereum-rpc.publicnode.com raw_len=128 raw_prefix=0x00000000000000000000000000000000
[SANITY] reason=nonsensical_price route=('0xA0b86991c6218b36c1d19d4a2e9eb0ce3606eb48', '0xD533a949740bb3306d119CC777fa900bA034cd52', '0xA0b86991c6218b36c1d19d4a2e9eb0ce3606eb48') dex_path=['univ2'] fee_tiers=[0] amount_in=1000000 amount_out=2380221624002256392 adapter=univ2_router rpc=https://ethereum-rpc.publicnode.com raw_len=128 raw_prefix=0x00000000000000000000000000000000
[SANITY] reason=nonsensical_price route=('0xA0b86991c6218b36c1d19d4a2e9eb0ce3606eb48', '0x7d1afa7b718fb893db30a3abc0cfc608aacfebb0', '0xA0b86991c6218b36c1d19d4a2e9eb0ce3606eb48') dex_path=['sushiswap'] fee_tiers=[0] amount_in=1000000 amount_out=7884972190342191720 adapter=sushiswap_router rpc=https://ethereum-rpc.publicnode.com raw_len=128 raw_prefix=0x00000000000000000000000000000000
Block 24307126
[SANITY] reason=nonsensical_price route=('0xA0b86991c6218b36c1d19d4a2e9eb0ce3606eb48', '0x6B3595068778DD592e39A122f4f5a5CF09C90fE2', '0xA0b86991c6218b36c1d19d4a2e9eb0ce3606eb48') dex_path=['sushiswap'] fee_tiers=[0] amount_in=1000000 amount_out=3288679511243312850 adapter=sushiswap_router rpc=https://ethereum-rpc.publicnode.com raw_len=128 raw_prefix=0x00000000000000000000000000000000
[SANITY] reason=nonsensical_price route=('0xA0b86991c6218b36c1d19d4a2e9eb0ce3606eb48', '0x7d1afa7b718fb893db30a3abc0cfc608aacfebb0', '0xA0b86991c6218b36c1d19d4a2e9eb0ce3606eb48') dex_path=['sushiswap'] fee_tiers=[0] amount_in=1000000 amount_out=7884972190342191720 adapter=sushiswap_router rpc=https://go.getblock.us raw_len=128 raw_prefix=0x00000000000000000000000000000000
[SANITY] reason=nonsensical_price route=('0xA0b86991c6218b36c1d19d4a2e9eb0ce3606eb48', '0xD533a949740bb3306d119CC777fa900bA034cd52', '0xA0b86991c6218b36c1d19d4a2e9eb0ce3606eb48') dex_path=['univ2'] fee_tiers=[0] amount_in=1000000 amount_out=2380221624002256392 adapter=univ2_router rpc=https://ethereum-rpc.publicnode.com raw_len=128 raw_prefix=0x00000000000000000000000000000000
