/Users/mac/Documents/ArbitoInator/venv/lib/python3.9/site-packages/urllib3/__init__.py:35: NotOpenSSLWarning: urllib3 v2 only supports OpenSSL 1.1.1+, currently the 'ssl' module is compiled with 'LibreSSL 2.8.3'. See: https://github.com/urllib3/urllib3/issues/3020
  warnings.warn(
🚀 Fork simulation started...
[RPC] connected=True | block=24276834 | urls=4
Block 24276835
Block 24276836
Block 24276837
Block 24276838
Block 24276839
Block 24276840
Block 24276841
Block 24276842
Block 24276843
Block 24276844
Block 24276845
Block 24276846
Block 24276847
Block 24276848
Block 24276849
Block 24276850
Block 24276851
Block 24276852
Block 24276853
Block 24276854
Block 24276855
Block 24276856
Block 24276857
Block 24276858
Block 24276859
Block 24276860
Block 24276861
Block 24276862
Block 24276863
Block 24276864
Block 24276865
Block 24276866
Block 24276867
Block 24276868
Block 24276869
Block 24276870
Block 24276871
Block 24276872
Block 24276873
Block 24276874
Block 24276875
Block 24276876
Block 24276877
Block 24276878
Block 24276879
Block 24276880
Block 24276881
Block 24276882
Block 24276883
Block 24276884
