/Users/mac/Documents/ArbitoInator/venv/lib/python3.9/site-packages/urllib3/__init__.py:35: NotOpenSSLWarning: urllib3 v2 only supports OpenSSL 1.1.1+, currently the 'ssl' module is compiled with 'LibreSSL 2.8.3'. See: https://github.com/urllib3/urllib3/issues/3020
  warnings.warn(
🚀 Fork simulation started...
[RPC] connected=True | block=24306893 | urls=4
Block 24306894
Block 24306895
Block 24306896
Block 24306897
Block 24306898
Block 24306899
Block 24306900
Block 24306901
Block 24306902
Block 24306903
Block 24306904
Traceback (most recent call last):
  File "/Users/mac/Documents/ArbitoInator/bot/diagnostic.py", line 544, in _loop
    await asyncio.sleep(float(self.interval_s))
  File "/Library/Developer/CommandLineTools/Library/Frameworks/Python3.framework/Versions/3.9/lib/python3.9/asyncio/tasks.py", line 654, in sleep
    return await future
asyncio.exceptions.CancelledError

During handling of the above exception, another exception occurred:

Traceback (most recent call last):
  File "/Users/mac/Documents/ArbitoInator/fork_test.py", line 3576, in main
    await snapshotter.stop()
  File "/Users/mac/Documents/ArbitoInator/bot/diagnostic.py", line 536, in stop
    await self._task
asyncio.exceptions.CancelledError

During handling of the above exception, another exception occurred:

Traceback (most recent call last):
  File "/Users/mac/Documents/ArbitoInator/fork_test.py", line 3640, in <module>
    asyncio.run(main())
  File "/Library/Developer/CommandLineTools/Library/Frameworks/Python3.framework/Versions/3.9/lib/python3.9/asyncio/runners.py", line 44, in run
    return loop.run_until_complete(main)
  File "/Library/Developer/CommandLineTools/Library/Frameworks/Python3.framework/Versions/3.9/lib/python3.9/asyncio/base_events.py", line 642, in run_until_complete
    return future.result()
asyncio.exceptions.CancelledError
Unclosed client session
client_session: <aiohttp.client.ClientSession object at 0x1081f6a30>
Unclosed client session
client_session: <aiohttp.client.ClientSession object at 0x1082b9520>
Unclosed connector
connections: ['deque([(<aiohttp.client_proto.ResponseHandler object at 0x1084a9ca0>, 117.641071), (<aiohttp.client_proto.ResponseHandler object at 0x108ba6820>, 117.701162833), (<aiohttp.client_proto.ResponseHandler object at 0x108343100>, 117.800353541), (<aiohttp.client_proto.ResponseHandler object at 0x108343700>, 117.825296125), (<aiohttp.client_proto.ResponseHandler object at 0x108c21f40>, 117.827558625), (<aiohttp.client_proto.ResponseHandler object at 0x108351fa0>, 117.834424458), (<aiohttp.client_proto.ResponseHandler object at 0x1084ada00>, 117.834854458), (<aiohttp.client_proto.ResponseHandler object at 0x10835f280>, 117.837004208), (<aiohttp.client_proto.ResponseHandler object at 0x108c074c0>, 117.868311708), (<aiohttp.client_proto.ResponseHandler object at 0x10856b7c0>, 118.684696333)])']
connector: <aiohttp.connector.TCPConnector object at 0x1082c7640>
Unclosed client session
client_session: <aiohttp.client.ClientSession object at 0x1082c7880>
