/Users/mac/Documents/ArbitoInator/venv/lib/python3.9/site-packages/urllib3/__init__.py:35: NotOpenSSLWarning: urllib3 v2 only supports OpenSSL 1.1.1+, currently the 'ssl' module is compiled with 'LibreSSL 2.8.3'. See: https://github.com/urllib3/urllib3/issues/3020
  warnings.warn(
🚀 Fork simulation started...
[RPC] connected=True | block=24306953 | urls=4
Block 24306954
Block 24306955
Block 24306956
Block 24306957
Block 24306958
Block 24306959
Block 24306962
Traceback (most recent call last):
  File "/Users/mac/Documents/ArbitoInator/bot/diagnostic.py", line 544, in _loop
    await asyncio.sleep(float(self.interval_s))
  File "/Library/Developer/CommandLineTools/Library/Frameworks/Python3.framework/Versions/3.9/lib/python3.9/asyncio/tasks.py", line 654, in sleep
    return await future
asyncio.exceptions.CancelledError

During handling of the above exception, another exception occurred:

Traceback (most recent call last):
  File "/Users/mac/Documents/ArbitoInator/fork_test.py", line 3597, in main
    await snapshotter.stop()
  File "/Users/mac/Documents/ArbitoInator/bot/diagnostic.py", line 536, in stop
    await self._task
asyncio.exceptions.CancelledError

During handling of the above exception, another exception occurred:

Traceback (most recent call last):
  File "/Users/mac/Documents/ArbitoInator/fork_test.py", line 3661, in <module>
    asyncio.run(main())
  File "/Library/Developer/CommandLineTools/Library/Frameworks/Python3.framework/Versions/3.9/lib/python3.9/asyncio/runners.py", line 44, in run
    return loop.run_until_complete(main)
  File "/Library/Developer/CommandLineTools/Library/Frameworks/Python3.framework/Versions/3.9/lib/python3.9/asyncio/base_events.py", line 642, in run_until_complete
    return future.result()
asyncio.exceptions.CancelledError
Unclosed client session
client_session: <aiohttp.client.ClientSession object at 0x109ea8070>
Unclosed client session
client_session: <aiohttp.client.ClientSession object at 0x109f74040>
Unclosed connector
connections: ['deque([(<aiohttp.client_proto.ResponseHandler object at 0x10a9b7fa0>, 123.40948725), (<aiohttp.client_proto.ResponseHandler object at 0x10a9b7340>, 123.418315708), (<aiohttp.client_proto.ResponseHandler object at 0x109fce820>, 123.419048333), (<aiohttp.client_proto.ResponseHandler object at 0x10a2e5160>, 123.420007)])']
connector: <aiohttp.connector.TCPConnector object at 0x109f8f160>
Unclosed client session
client_session: <aiohttp.client.ClientSession object at 0x109f74fd0>
