/Users/mac/Documents/ArbitoInator/venv/lib/python3.9/site-packages/urllib3/__init__.py:35: NotOpenSSLWarning: urllib3 v2 only supports OpenSSL 1.1.1+, currently the 'ssl' module is compiled with 'LibreSSL 2.8.3'. See: https://github.com/urllib3/urllib3/issues/3020
  warnings.warn(
🚀 Fork simulation started...
[RPC] connected=True | block=24306750 | urls=4
Block 24306751
Block 24306752
Block 24306753
Block 24306754
Block 24306755
Block 24306756
Block 24306757
Block 24306758
Block 24306759
Block 24306760
Block 24306761
Block 24306762
Block 24306763
Block 24306764
Block 24306765
Block 24306766
Block 24306767
Block 24306768
Block 24306769
Block 24306770
Block 24306771
Block 24306772
Block 24306773
Block 24306774
Block 24306775
Block 24306777
Block 24306778
Block 24306779
Block 24306780
Block 24306781
Block 24306782
Block 24306783
Block 24306784
Block 24306785
Block 24306786
Block 24306787
Block 24306788
Block 24306789
Block 24306790
Block 24306791
Block 24306792
Block 24306793
Block 24306794
Block 24306795
Block 24306796
Block 24306797
Block 24306798
Block 24306799
Block 24306800
Block 24306803
Block 24306804
Block 24306805
Block 24306806
Block 24306809
