/Users/mac/Documents/ArbitoInator/venv/lib/python3.9/site-packages/urllib3/__init__.py:35: NotOpenSSLWarning: urllib3 v2 only supports OpenSSL 1.1.1+, currently the 'ssl' module is compiled with 'LibreSSL 2.8.3'. See: https://github.com/urllib3/urllib3/issues/3020
  warnings.warn(
🚀 Fork simulation started...
[RPC] connected=True | block=24275745 | urls=4
Block 24275746
Block 24275748
Block 24275749
Block 24275750
Block 24275751
Block 24275752
Block 24275753
Block 24275754
Block 24275755
Block 24275756
Block 24275757
Block 24275758
Block 24275759
Block 24275760
Block 24275761
Block 24275762
Block 24275763
Block 24275764
Block 24275765
Block 24275766
Block 24275767
Block 24275768
Block 24275769
Block 24275771
Block 24275772
Block 24275773
Block 24275774
Block 24275775
Block 24275776
Block 24275777
Block 24275778
Block 24275779
Block 24275781
Block 24275783
Block 24275784
Block 24275785
Block 24275786
Block 24275787
Block 24275788
Block 24275789
Block 24275790
Block 24275791
Block 24275792
Block 24275793
Block 24275794
🛑 Fork simulation stopped by user
